[ 50%] [32mBuilding CXX object CMakeFiles/paper_tf_broadcaster_node.dir/src/paper.cpp.o[0m
[01m[K/home/mtrn/4231/liam_stuff/4231project/src/transforms/src/paper.cpp:[m[K In constructor â€˜[01m[KPaperTFBroadcaster::PaperTFBroadcaster()[m[Kâ€™:
[01m[K/home/mtrn/4231/liam_stuff/4231project/src/transforms/src/paper.cpp:37:123:[m[K [01;31m[Kerror: [m[Kâ€˜[01m[KDynamicTFBroadcaster[m[Kâ€™ has not been declared
   37 |       subscription_ = this->create_subscription<ros2_aruco_interfaces::msg::ArucoMarkers>( "ArucoMarkers", 10, std::bind(&[01;31m[KDynamicTFBroadcaster[m[K::topic_callback, this, _1));
      |                                                                                                                           [01;31m[K^~~~~~~~~~~~~~~~~~~~[m[K
In file included from [01m[K/opt/ros/humble/include/rclcpp/rclcpp/logging.hpp:24[m[K,
                 from [01m[K/opt/ros/humble/include/rclcpp/rclcpp/client.hpp:40[m[K,
                 from [01m[K/opt/ros/humble/include/rclcpp/rclcpp/callback_group.hpp:24[m[K,
                 from [01m[K/opt/ros/humble/include/rclcpp/rclcpp/any_executable.hpp:20[m[K,
                 from [01m[K/opt/ros/humble/include/rclcpp/rclcpp/memory_strategy.hpp:25[m[K,
                 from [01m[K/opt/ros/humble/include/rclcpp/rclcpp/memory_strategies.hpp:18[m[K,
                 from [01m[K/opt/ros/humble/include/rclcpp/rclcpp/executor_options.hpp:20[m[K,
                 from [01m[K/opt/ros/humble/include/rclcpp/rclcpp/executor.hpp:37[m[K,
                 from [01m[K/opt/ros/humble/include/rclcpp/rclcpp/executors/multi_threaded_executor.hpp:25[m[K,
                 from [01m[K/opt/ros/humble/include/rclcpp/rclcpp/executors.hpp:21[m[K,
                 from [01m[K/opt/ros/humble/include/rclcpp/rclcpp/rclcpp.hpp:155[m[K,
                 from [01m[K/home/mtrn/4231/liam_stuff/4231project/src/transforms/src/paper.cpp:1[m[K:
[01m[K/home/mtrn/4231/liam_stuff/4231project/src/transforms/src/paper.cpp:[m[K In member function â€˜[01m[Kvoid PaperTFBroadcaster::topic_callback(const ArucoMarkers&) const[m[Kâ€™:
[01m[K/home/mtrn/4231/liam_stuff/4231project/src/transforms/src/paper.cpp:44:60:[m[K [01;31m[Kerror: [m[Kâ€˜[01m[Kconst ArucoMarkers[m[Kâ€™ {aka â€˜[01m[Kconst struct ros2_aruco_interfaces::msg::ArucoMarkers_<std::allocator<void> >[m[Kâ€™} has no member named â€˜[01m[Kpose[m[Kâ€™; did you mean â€˜[01m[Kposes[m[Kâ€™?
   44 |       RCLCPP_INFO(this->get_logger(), "I heard: '%f'", msg.[01;31m[Kpose[m[K.position.x);
      |                                                            [01;31m[K^~~~[m[K
[01m[K/home/mtrn/4231/liam_stuff/4231project/src/transforms/src/paper.cpp:51:51:[m[K [01;31m[Kerror: [m[Kâ€˜[01m[Kconst ArucoMarkers[m[Kâ€™ {aka â€˜[01m[Kconst struct ros2_aruco_interfaces::msg::ArucoMarkers_<std::allocator<void> >[m[Kâ€™} has no member named â€˜[01m[Kpose[m[Kâ€™; did you mean â€˜[01m[Kposes[m[Kâ€™?
   51 |       transform_msg.transform.translation.x = msg.[01;31m[Kpose[m[K.position.x;
      |                                                   [01;31m[K^~~~[m[K
      |                                                   [32m[Kposes[m[K
[01m[K/home/mtrn/4231/liam_stuff/4231project/src/transforms/src/paper.cpp:52:51:[m[K [01;31m[Kerror: [m[Kâ€˜[01m[Kconst ArucoMarkers[m[Kâ€™ {aka â€˜[01m[Kconst struct ros2_aruco_interfaces::msg::ArucoMarkers_<std::allocator<void> >[m[Kâ€™} has no member named â€˜[01m[Kpose[m[Kâ€™; did you mean â€˜[01m[Kposes[m[Kâ€™?
   52 |       transform_msg.transform.translation.y = msg.[01;31m[Kpose[m[K.position.y;
      |                                                   [01;31m[K^~~~[m[K
      |                                                   [32m[Kposes[m[K
[01m[K/home/mtrn/4231/liam_stuff/4231project/src/transforms/src/paper.cpp:53:51:[m[K [01;31m[Kerror: [m[Kâ€˜[01m[Kconst ArucoMarkers[m[Kâ€™ {aka â€˜[01m[Kconst struct ros2_aruco_interfaces::msg::ArucoMarkers_<std::allocator<void> >[m[Kâ€™} has no member named â€˜[01m[Kpose[m[Kâ€™; did you mean â€˜[01m[Kposes[m[Kâ€™?
   53 |       transform_msg.transform.translation.z = msg.[01;31m[Kpose[m[K.position.z;
      |                                                   [01;31m[K^~~~[m[K
      |                                                   [32m[Kposes[m[K
[01m[K/home/mtrn/4231/liam_stuff/4231project/src/transforms/src/paper.cpp:[m[K In function â€˜[01m[Kint main(int, char**)[m[Kâ€™:
[01m[K/home/mtrn/4231/liam_stuff/4231project/src/transforms/src/paper.cpp:84:33:[m[K [01;31m[Kerror: [m[Kâ€˜[01m[KDynamicTFBroadcaster[m[Kâ€™ was not declared in this scope; did you mean â€˜[01m[KPaperTFBroadcaster[m[Kâ€™?
   84 |   rclcpp::spin(std::make_shared<[01;31m[KDynamicTFBroadcaster[m[K>());
      |                                 [01;31m[K^~~~~~~~~~~~~~~~~~~~[m[K
      |                                 [32m[KPaperTFBroadcaster[m[K
[01m[K/home/mtrn/4231/liam_stuff/4231project/src/transforms/src/paper.cpp:84:54:[m[K [01;31m[Kerror: [m[Kno matching function for call to â€˜[01m[Kmake_shared<<expression error> >()[m[Kâ€™
   84 |   rclcpp::spin([01;31m[Kstd::make_shared<DynamicTFBroadcaster>()[m[K);
      |                [01;31m[K~~~~~~~~~~~~~~~~~~~~~~~~~~~~~~~~~~~~~~^~[m[K
In file included from [01m[K/usr/include/c++/11/memory:77[m[K,
                 from [01m[K/opt/ros/humble/include/rclcpp/rclcpp/rclcpp.hpp:153[m[K,
                 from [01m[K/home/mtrn/4231/liam_stuff/4231project/src/transforms/src/paper.cpp:1[m[K:
[01m[K/usr/include/c++/11/bits/shared_ptr.h:875:5:[m[K [01;36m[Knote: [m[Kcandidate: â€˜[01m[Ktemplate<class _Tp, class ... _Args> std::shared_ptr<_Tp> std::make_shared(_Args&& ...)[m[Kâ€™
  875 |     [01;36m[Kmake_shared[m[K(_Args&&... __args)
      |     [01;36m[K^~~~~~~~~~~[m[K
[01m[K/usr/include/c++/11/bits/shared_ptr.h:875:5:[m[K [01;36m[Knote: [m[K  template argument deduction/substitution failed:
[01m[K/home/mtrn/4231/liam_stuff/4231project/src/transforms/src/paper.cpp:84:54:[m[K [01;31m[Kerror: [m[Ktemplate argument 1 is invalid
   84 |   rclcpp::spin([01;31m[Kstd::make_shared<DynamicTFBroadcaster>()[m[K);
      |                [01;31m[K~~~~~~~~~~~~~~~~~~~~~~~~~~~~~~~~~~~~~~^~[m[K
gmake[2]: *** [CMakeFiles/paper_tf_broadcaster_node.dir/build.make:76: CMakeFiles/paper_tf_broadcaster_node.dir/src/paper.cpp.o] Error 1
gmake[1]: *** [CMakeFiles/Makefile2:137: CMakeFiles/paper_tf_broadcaster_node.dir/all] Error 2
gmake: *** [Makefile:146: all] Error 2
