[ 50%] [32mBuilding CXX object CMakeFiles/paper.dir/src/paper.cpp.o[0m
[01m[K/home/mtrn/4231/liam_stuff/4231project/src/transforms/src/paper.cpp:[m[K In member function â€˜[01m[Kvoid PaperTFBroadcaster::topic_callback(ros2_aruco_interfaces::msg::ArucoMarkers_<std::allocator<void> >::SharedPtr) const[m[Kâ€™:
[01m[K/home/mtrn/4231/liam_stuff/4231project/src/transforms/src/paper.cpp:47:13:[m[K [01;31m[Kerror: [m[Kâ€˜[01m[Ki[m[Kâ€™ was not declared in this scope
   47 |         if ([01;31m[Ki[m[K <= 3) {
      |             [01;31m[K^[m[K
gmake[2]: *** [CMakeFiles/paper.dir/build.make:76: CMakeFiles/paper.dir/src/paper.cpp.o] Error 1
gmake[1]: *** [CMakeFiles/Makefile2:137: CMakeFiles/paper.dir/all] Error 2
gmake: *** [Makefile:146: all] Error 2
