[01m[K/home/mtrn/4231/liam_stuff/4231project/src/transforms/src/paper.cpp:[m[K In constructor â€˜[01m[KPaperTFBroadcaster::PaperTFBroadcaster()[m[Kâ€™:
[01m[K/home/mtrn/4231/liam_stuff/4231project/src/transforms/src/paper.cpp:37:166:[m[K [01;31m[Kerror: [m[Kâ€˜[01m[K_10[m[Kâ€™ was not declared in this scope; did you mean â€˜[01m[Kstd::placeholders::_10[m[Kâ€™?
   37 |       subscription_ = this->create_subscription<ros2_aruco_interfaces::msg::ArucoMarkers>( "aruco_markers", 10, std::bind(&PaperTFBroadcaster::topic_callback, this, [01;31m[K_10[m[K));
      |                                                                                                                                                                      [01;31m[K^~~[m[K
      |                                                                                                                                                                      [32m[Kstd::placeholders::_10[m[K
In file included from [01m[K/usr/include/c++/11/pstl/glue_algorithm_defs.h:13[m[K,
                 from [01m[K/usr/include/c++/11/algorithm:74[m[K,
                 from [01m[K/opt/ros/humble/include/rclcpp/rclcpp/executor.hpp:18[m[K,
                 from [01m[K/opt/ros/humble/include/rclcpp/rclcpp/executors/multi_threaded_executor.hpp:25[m[K,
                 from [01m[K/opt/ros/humble/include/rclcpp/rclcpp/executors.hpp:21[m[K,
                 from [01m[K/opt/ros/humble/include/rclcpp/rclcpp/rclcpp.hpp:155[m[K,
                 from [01m[K/home/mtrn/4231/liam_stuff/4231project/src/transforms/src/paper.cpp:1[m[K:
[01m[K/usr/include/c++/11/functional:234:35:[m[K [01;36m[Knote: [m[Kâ€˜[01m[Kstd::placeholders::_10[m[Kâ€™ declared here
  234 |     extern const _Placeholder<10> [01;36m[K_10[m[K;
      |                                   [01;36m[K^~~[m[K
gmake[2]: *** [CMakeFiles/paper.dir/build.make:76: CMakeFiles/paper.dir/src/paper.cpp.o] Error 1
gmake[1]: *** [CMakeFiles/Makefile2:139: CMakeFiles/paper.dir/all] Error 2
gmake: *** [Makefile:146: all] Error 2
