[01m[K/home/mtrn/4231/liam_stuff/4231project/src/transforms/src/paper.cpp:[m[K In member function â€˜[01m[Kvoid PaperTFBroadcaster::topic_callback(ros2_aruco_interfaces::msg::ArucoMarkers_<std::allocator<void> >::SharedPtr) const[m[Kâ€™:
[01m[K/home/mtrn/4231/liam_stuff/4231project/src/transforms/src/paper.cpp:50:25:[m[K [01;31m[Kerror: [m[Kâ€˜[01m[Kusing element_type = struct ros2_aruco_interfaces::msg::ArucoMarkers_<std::allocator<void> >[m[Kâ€™ {aka â€˜[01m[Kstruct ros2_aruco_interfaces::msg::ArucoMarkers_<std::allocator<void> >[m[Kâ€™} has no member named â€˜[01m[Kdata[m[Kâ€™
   50 |       auto data  = msg->[01;31m[Kdata[m[K
      |                         [01;31m[K^~~~[m[K
gmake[2]: *** [CMakeFiles/paper_tf_broadcaster_node.dir/build.make:76: CMakeFiles/paper_tf_broadcaster_node.dir/src/paper.cpp.o] Error 1
gmake[1]: *** [CMakeFiles/Makefile2:137: CMakeFiles/paper_tf_broadcaster_node.dir/all] Error 2
gmake: *** [Makefile:146: all] Error 2
