-- Found ament_cmake: 1.3.5 (/opt/ros/humble/share/ament_cmake/cmake)
-- Found rclcpp: 16.0.5 (/opt/ros/humble/share/rclcpp/cmake)
-- Found rosidl_generator_c: 3.1.5 (/opt/ros/humble/share/rosidl_generator_c/cmake)
-- Found rosidl_adapter: 3.1.5 (/opt/ros/humble/share/rosidl_adapter/cmake)
-- Found rosidl_generator_cpp: 3.1.5 (/opt/ros/humble/share/rosidl_generator_cpp/cmake)
-- Using all available rosidl_typesupport_c: rosidl_typesupport_fastrtps_c;rosidl_typesupport_introspection_c
-- Using all available rosidl_typesupport_cpp: rosidl_typesupport_fastrtps_cpp;rosidl_typesupport_introspection_cpp
-- Found rmw_implementation_cmake: 6.1.1 (/opt/ros/humble/share/rmw_implementation_cmake/cmake)
-- Found rmw_fastrtps_cpp: 6.2.3 (/opt/ros/humble/share/rmw_fastrtps_cpp/cmake)
-- Using RMW implementation 'rmw_fastrtps_cpp' as default
-- Found ros2_aruco_interfaces: 0.1.0 (/home/mtrn/4231/liam_stuff/4231project/install/ros2_aruco_interfaces/share/ros2_aruco_interfaces/cmake)
-- Found visualization_msgs: 4.2.3 (/opt/ros/humble/share/visualization_msgs/cmake)
-- Found tf2_ros: 0.25.3 (/opt/ros/humble/share/tf2_ros/cmake)
-- Found custom_messages: 0.0.0 (/home/mtrn/4231/liam_stuff/4231project/install/custom_messages/share/custom_messages/cmake)
-- Configuring done (1.9s)
-- Generating done (0.0s)
-- Build files have been written to: /home/mtrn/4231/liam_stuff/4231project/build/transforms
[ 16%] [32mBuilding CXX object CMakeFiles/path.dir/src/path.cpp.o[0m
[ 50%] Built target static_camera_transform
[ 83%] Built target paper
[01m[K/home/mtrn/4231/liam_stuff/4231project/src/transforms/src/path.cpp:[m[K In member function â€˜[01m[Kvoid PointTFBroadcaster::topic_callback(custom_messages::msg::RobotAction_<std::allocator<void> >::SharedPtr)[m[Kâ€™:
[01m[K/home/mtrn/4231/liam_stuff/4231project/src/transforms/src/path.cpp:31:23:[m[K [01;31m[Kerror: [m[Kâ€˜[01m[Kusing element_type = struct custom_messages::msg::RobotAction_<std::allocator<void> >[m[Kâ€™ {aka â€˜[01m[Kstruct custom_messages::msg::RobotAction_<std::allocator<void> >[m[Kâ€™} has no member named â€˜[01m[Kposes[m[Kâ€™
   31 |             if (!msg->[01;31m[Kposes[m[K.empty() && i < msg->poses.size()) {
      |                       [01;31m[K^~~~~[m[K
[01m[K/home/mtrn/4231/liam_stuff/4231project/src/transforms/src/path.cpp:31:49:[m[K [01;31m[Kerror: [m[Kâ€˜[01m[Kusing element_type = struct custom_messages::msg::RobotAction_<std::allocator<void> >[m[Kâ€™ {aka â€˜[01m[Kstruct custom_messages::msg::RobotAction_<std::allocator<void> >[m[Kâ€™} has no member named â€˜[01m[Kposes[m[Kâ€™
   31 |             if (!msg->poses.empty() && i < msg->[01;31m[Kposes[m[K.size()) {
      |                                                 [01;31m[K^~~~~[m[K
[01m[K/home/mtrn/4231/liam_stuff/4231project/src/transforms/src/path.cpp:32:62:[m[K [01;31m[Kerror: [m[Kâ€˜[01m[Kusing element_type = struct custom_messages::msg::RobotAction_<std::allocator<void> >[m[Kâ€™ {aka â€˜[01m[Kstruct custom_messages::msg::RobotAction_<std::allocator<void> >[m[Kâ€™} has no member named â€˜[01m[Kposes[m[Kâ€™
   32 |                 transform_msg.transform.translation.x = msg->[01;31m[Kposes[m[K[i].x;
      |                                                              [01;31m[K^~~~~[m[K
[01m[K/home/mtrn/4231/liam_stuff/4231project/src/transforms/src/path.cpp:33:62:[m[K [01;31m[Kerror: [m[Kâ€˜[01m[Kusing element_type = struct custom_messages::msg::RobotAction_<std::allocator<void> >[m[Kâ€™ {aka â€˜[01m[Kstruct custom_messages::msg::RobotAction_<std::allocator<void> >[m[Kâ€™} has no member named â€˜[01m[Kposes[m[Kâ€™
   33 |                 transform_msg.transform.translation.y = msg->[01;31m[Kposes[m[K[i].y;
      |                                                              [01;31m[K^~~~~[m[K
gmake[2]: *** [CMakeFiles/path.dir/build.make:76: CMakeFiles/path.dir/src/path.cpp.o] Error 1
gmake[1]: *** [CMakeFiles/Makefile2:193: CMakeFiles/path.dir/all] Error 2
gmake: *** [Makefile:146: all] Error 2
