[ 50%] Built target static_camera_transform
[ 75%] [32mBuilding CXX object CMakeFiles/paper.dir/src/paper.cpp.o[0m
[01m[K/home/mtrn/4231/liam_stuff/4231project/src/transforms/src/paper.cpp:[m[K In member function â€˜[01m[Kvoid PaperTFBroadcaster::topic_callback(ros2_aruco_interfaces::msg::ArucoMarkers_<std::allocator<void> >::SharedPtr) const[m[Kâ€™:
[01m[K/home/mtrn/4231/liam_stuff/4231project/src/transforms/src/paper.cpp:50:75:[m[K [01;31m[Kerror: [m[Kâ€˜[01m[Kmarker_id[m[Kâ€™ was not declared in this scope
   50 |           transform_msg.child_frame_id = "paper_corner_" + std::to_string([01;31m[Kmarker_id[m[K);
      |                                                                           [01;31m[K^~~~~~~~~[m[K
[01m[K/home/mtrn/4231/liam_stuff/4231project/src/transforms/src/paper.cpp:65:20:[m[K [01;31m[Kerror: [m[Kâ€˜[01m[Kmarker_id[m[Kâ€™ was not declared in this scope
   65 |         } else if ([01;31m[Kmarker_id[m[K <= 5){
      |                    [01;31m[K^~~~~~~~~[m[K
gmake[2]: *** [CMakeFiles/paper.dir/build.make:76: CMakeFiles/paper.dir/src/paper.cpp.o] Error 1
gmake[1]: *** [CMakeFiles/Makefile2:139: CMakeFiles/paper.dir/all] Error 2
gmake: *** [Makefile:146: all] Error 2
